
> web@0.1.0 build
> next build

 ⚠ Invalid next.config.js options detected: 
 ⚠     Unrecognized key(s) in object: 'swcMinify'
 ⚠ See more info here: https://nextjs.org/docs/messages/invalid-next-config
   ▲ Next.js 15.4.7

   Creating an optimized production build ...
 ✓ Compiled successfully in 3.0s
   Linting and checking validity of types ...
   Collecting page data ...
   Generating static pages (0/1) ...
 ✓ Generating static pages (1/1)
   Finalizing page optimization ...
   Collecting build traces ...

Route (app)                                 Size  First Load JS
─ ○ /_not-found                            127 B        99.7 kB
+ First Load JS shared by all            99.6 kB
  ├ chunks/4bd1b696-cf72ae8a39fa05aa.js  54.1 kB
  ├ chunks/964-611b54f02d149669.js       43.5 kB
  └ other shared chunks (total)           1.9 kB


○  (Static)  prerendered as static content

